<?xml version="1.0" encoding="UTF-8"?>
<!-- Generated by org.testng.reporters.JUnitXMLReporter -->
<testsuite hostname="DESKTOP-MEVPJKC" ignored="0" name="Test_chrome" tests="1" failures="1" timestamp="15 Sep 2022 11:07:02 GMT" time="2.858" errors="0">
  <testcase name="exec1" time="2.797" classname="qsp.Parallel1">
    <failure type="org.openqa.selenium.SessionNotCreatedException" message="session not created: This version of ChromeDriver only supports Chrome version 103
Current browser version is 105.0.5195.102 with binary path C:\Program Files\Google\Chrome\Application\chrome.exe
Build info: version: &amp;apos;3.141.59&amp;apos;, revision: &amp;apos;e82be7d358&amp;apos;, time: &amp;apos;2018-11-14T08:25:53&amp;apos;
System info: host: &amp;apos;DESKTOP-MEVPJKC&amp;apos;, ip: &amp;apos;169.254.217.217&amp;apos;, os.name: &amp;apos;Windows 10&amp;apos;, os.arch: &amp;apos;amd64&amp;apos;, os.version: &amp;apos;10.0&amp;apos;, java.version: &amp;apos;1.8.0_202&amp;apos;
Driver info: driver.version: ChromeDriver
remote stacktrace: Backtrace:
	Ordinal0 [0x00A16463+2188387]
	Ordinal0 [0x009AE461+1762401]
	Ordinal0 [0x008C3D78+802168]
	Ordinal0 [0x008E4E59+937561]
	Ordinal0 [0x008E0A6C+920172]
	Ordinal0 [0x008DE331+910129]
	Ordinal0 [0x00911430+1119280]
	Ordinal0 [0x0091108A+1118346]
	Ordinal0 [0x0090C5F6+1099254]
	Ordinal0 [0x008E6BE0+945120]
	Ordinal0 [0x008E7AD6+948950]
	GetHandleVerifier [0x00CB71F2+2712546]
	GetHandleVerifier [0x00CA886D+2652765]
	GetHandleVerifier [0x00AA002A+520730]
	GetHandleVerifier [0x00A9EE06+516086]
	Ordinal0 [0x009B468B+1787531]
	Ordinal0 [0x009B8E88+1805960]
	Ordinal0 [0x009B8F75+1806197]
	Ordinal0 [0x009C1DF1+1842673]
	BaseThreadInitThunk [0x75F4FA29+25]
	RtlGetAppContainerNamedObjectPath [0x77327A9E+286]
	RtlGetAppContainerNamedObjectPath [0x77327A6E+238]
">
      <![CDATA[org.openqa.selenium.SessionNotCreatedException: session not created: This version of ChromeDriver only supports Chrome version 103
Current browser version is 105.0.5195.102 with binary path C:\Program Files\Google\Chrome\Application\chrome.exe
Build info: version: '3.141.59', revision: 'e82be7d358', time: '2018-11-14T08:25:53'
System info: host: 'DESKTOP-MEVPJKC', ip: '169.254.217.217', os.name: 'Windows 10', os.arch: 'amd64', os.version: '10.0', java.version: '1.8.0_202'
Driver info: driver.version: ChromeDriver
remote stacktrace: Backtrace:
Ordinal0 [0x00A16463+2188387]
Ordinal0 [0x009AE461+1762401]
Ordinal0 [0x008C3D78+802168]
Ordinal0 [0x008E4E59+937561]
Ordinal0 [0x008E0A6C+920172]
Ordinal0 [0x008DE331+910129]
Ordinal0 [0x00911430+1119280]
Ordinal0 [0x0091108A+1118346]
Ordinal0 [0x0090C5F6+1099254]
Ordinal0 [0x008E6BE0+945120]
Ordinal0 [0x008E7AD6+948950]
GetHandleVerifier [0x00CB71F2+2712546]
GetHandleVerifier [0x00CA886D+2652765]
GetHandleVerifier [0x00AA002A+520730]
GetHandleVerifier [0x00A9EE06+516086]
Ordinal0 [0x009B468B+1787531]
Ordinal0 [0x009B8E88+1805960]
Ordinal0 [0x009B8F75+1806197]
Ordinal0 [0x009C1DF1+1842673]
BaseThreadInitThunk [0x75F4FA29+25]
RtlGetAppContainerNamedObjectPath [0x77327A9E+286]
RtlGetAppContainerNamedObjectPath [0x77327A6E+238]

at org.openqa.selenium.remote.W3CHandshakeResponse.lambda$errorHandler$0(W3CHandshakeResponse.java:62)
at org.openqa.selenium.remote.HandshakeResponse.lambda$getResponseFunction$0(HandshakeResponse.java:30)
at org.openqa.selenium.remote.ProtocolHandshake.lambda$createSession$0(ProtocolHandshake.java:126)
at java.util.stream.ReferencePipeline$3$1.accept(Unknown Source)
at java.util.Spliterators$ArraySpliterator.tryAdvance(Unknown Source)
at java.util.stream.ReferencePipeline.forEachWithCancel(Unknown Source)
at java.util.stream.AbstractPipeline.copyIntoWithCancel(Unknown Source)
at java.util.stream.AbstractPipeline.copyInto(Unknown Source)
at java.util.stream.AbstractPipeline.wrapAndCopyInto(Unknown Source)
at java.util.stream.FindOps$FindOp.evaluateSequential(Unknown Source)
at java.util.stream.AbstractPipeline.evaluate(Unknown Source)
at java.util.stream.ReferencePipeline.findFirst(Unknown Source)
at org.openqa.selenium.remote.ProtocolHandshake.createSession(ProtocolHandshake.java:128)
at org.openqa.selenium.remote.ProtocolHandshake.createSession(ProtocolHandshake.java:74)
at org.openqa.selenium.remote.HttpCommandExecutor.execute(HttpCommandExecutor.java:136)
at org.openqa.selenium.remote.service.DriverCommandExecutor.execute(DriverCommandExecutor.java:83)
at org.openqa.selenium.remote.RemoteWebDriver.execute(RemoteWebDriver.java:552)
at org.openqa.selenium.remote.RemoteWebDriver.startSession(RemoteWebDriver.java:213)
at org.openqa.selenium.remote.RemoteWebDriver.<init>(RemoteWebDriver.java:131)
at org.openqa.selenium.chrome.ChromeDriver.<init>(ChromeDriver.java:181)
at org.openqa.selenium.chrome.ChromeDriver.<init>(ChromeDriver.java:168)
at org.openqa.selenium.chrome.ChromeDriver.<init>(ChromeDriver.java:123)
at qsp.Parallel1.exec1(Parallel1.java:22)
at java.util.concurrent.FutureTask.run(Unknown Source)
at java.util.concurrent.ThreadPoolExecutor.runWorker(Unknown Source)
at java.util.concurrent.ThreadPoolExecutor$Worker.run(Unknown Source)
at java.lang.Thread.run(Unknown Source)
... Removed 20 stack frames]]>
    </failure>
  </testcase> <!-- exec1 -->
</testsuite> <!-- Test_chrome -->
